c:\users\jordab\source\repos\schoolmanagmentsystem\debug\vc142.pdb
c:\users\jordab\source\repos\schoolmanagmentsystem\debug\vc142.idb
c:\users\jordab\source\repos\schoolmanagmentsystem\debug\user.nativecodeanalysis.sarif
c:\users\jordab\source\repos\schoolmanagmentsystem\debug\user.nativecodeanalysis.xml
c:\users\jordab\source\repos\schoolmanagmentsystem\debug\teacher.nativecodeanalysis.sarif
c:\users\jordab\source\repos\schoolmanagmentsystem\debug\teacher.nativecodeanalysis.xml
c:\users\jordab\source\repos\schoolmanagmentsystem\debug\student.nativecodeanalysis.sarif
c:\users\jordab\source\repos\schoolmanagmentsystem\debug\student.nativecodeanalysis.xml
c:\users\jordab\source\repos\schoolmanagmentsystem\debug\schoolmanagmentsystem.nativecodeanalysis.sarif
c:\users\jordab\source\repos\schoolmanagmentsystem\debug\schoolmanagmentsystem.nativecodeanalysis.xml
c:\users\jordab\source\repos\schoolmanagmentsystem\debug\course.nativecodeanalysis.sarif
c:\users\jordab\source\repos\schoolmanagmentsystem\debug\course.nativecodeanalysis.xml
c:\users\jordab\source\repos\schoolmanagmentsystem\debug\admin.nativecodeanalysis.sarif
c:\users\jordab\source\repos\schoolmanagmentsystem\debug\admin.nativecodeanalysis.xml
c:\users\jordab\source\repos\schoolmanagmentsystem\debug\admin.obj
c:\users\jordab\source\repos\schoolmanagmentsystem\debug\course.obj
c:\users\jordab\source\repos\schoolmanagmentsystem\debug\schoolmanagmentsystem.obj
c:\users\jordab\source\repos\schoolmanagmentsystem\debug\student.obj
c:\users\jordab\source\repos\schoolmanagmentsystem\debug\teacher.obj
c:\users\jordab\source\repos\schoolmanagmentsystem\debug\user.obj
c:\users\jordab\source\repos\schoolmanagmentsystem\debug\schoolmanagmentsystem.ilk
c:\users\jordab\source\repos\schoolmanagmentsystem\debug\schoolmanagmentsystem.exe
c:\users\jordab\source\repos\schoolmanagmentsystem\debug\schoolmanagmentsystem.pdb
c:\users\jordab\source\repos\schoolmanagmentsystem\debug\vc.nativecodeanalysis.all.xml
c:\users\jordab\source\repos\schoolmanagmentsystem\debug\schoolma.c1a3e4ac.tlog\cl.command.1.tlog
c:\users\jordab\source\repos\schoolmanagmentsystem\debug\schoolma.c1a3e4ac.tlog\cl.read.1.tlog
c:\users\jordab\source\repos\schoolmanagmentsystem\debug\schoolma.c1a3e4ac.tlog\cl.write.1.tlog
c:\users\jordab\source\repos\schoolmanagmentsystem\debug\schoolma.c1a3e4ac.tlog\link.command.1.tlog
c:\users\jordab\source\repos\schoolmanagmentsystem\debug\schoolma.c1a3e4ac.tlog\link.read.1.tlog
c:\users\jordab\source\repos\schoolmanagmentsystem\debug\schoolma.c1a3e4ac.tlog\link.write.1.tlog
